[2024-06-19T14:27:40.274+0000] {local_task_job_runner.py:120} INFO - ::group::Pre task execution logs
[2024-06-19T14:27:40.289+0000] {taskinstance.py:2076} INFO - Dependencies all met for dep_context=non-requeueable deps ti=<TaskInstance: emailtest.task4 manual__2024-06-19T14:27:35.907836+00:00 [queued]>
[2024-06-19T14:27:40.294+0000] {taskinstance.py:2076} INFO - Dependencies all met for dep_context=requeueable deps ti=<TaskInstance: emailtest.task4 manual__2024-06-19T14:27:35.907836+00:00 [queued]>
[2024-06-19T14:27:40.294+0000] {taskinstance.py:2306} INFO - Starting attempt 1 of 2
[2024-06-19T14:27:40.302+0000] {taskinstance.py:2330} INFO - Executing <Task(BashOperator): task4> on 2024-06-19 14:27:35.907836+00:00
[2024-06-19T14:27:40.306+0000] {warnings.py:112} WARNING - /home/***/.local/lib/python3.12/site-packages/***/task/task_runner/standard_task_runner.py:61: DeprecationWarning: This process (pid=446) is multi-threaded, use of fork() may lead to deadlocks in the child.
  pid = os.fork()

[2024-06-19T14:27:40.306+0000] {standard_task_runner.py:63} INFO - Started process 447 to run task
[2024-06-19T14:27:40.307+0000] {standard_task_runner.py:90} INFO - Running: ['***', 'tasks', 'run', 'emailtest', 'task4', 'manual__2024-06-19T14:27:35.907836+00:00', '--job-id', '138', '--raw', '--subdir', 'DAGS_FOLDER/emailtest.py', '--cfg-path', '/tmp/tmpiul83bzk']
[2024-06-19T14:27:40.307+0000] {standard_task_runner.py:91} INFO - Job 138: Subtask task4
[2024-06-19T14:27:40.332+0000] {task_command.py:426} INFO - Running <TaskInstance: emailtest.task4 manual__2024-06-19T14:27:35.907836+00:00 [running]> on host c743c3172e67
[2024-06-19T14:27:40.380+0000] {taskinstance.py:2648} INFO - Exporting env vars: AIRFLOW_CTX_DAG_EMAIL='liviataina.ltab@gmail.com' AIRFLOW_CTX_DAG_OWNER='***' AIRFLOW_CTX_DAG_ID='emailtest' AIRFLOW_CTX_TASK_ID='task4' AIRFLOW_CTX_EXECUTION_DATE='2024-06-19T14:27:35.907836+00:00' AIRFLOW_CTX_TRY_NUMBER='1' AIRFLOW_CTX_DAG_RUN_ID='manual__2024-06-19T14:27:35.907836+00:00'
[2024-06-19T14:27:40.381+0000] {taskinstance.py:430} INFO - ::endgroup::
[2024-06-19T14:27:40.388+0000] {subprocess.py:63} INFO - Tmp dir root location: /tmp
[2024-06-19T14:27:40.388+0000] {subprocess.py:75} INFO - Running command: ['/usr/bin/bash', '-c', 'exit 1']
[2024-06-19T14:27:40.396+0000] {subprocess.py:86} INFO - Output:
[2024-06-19T14:27:40.397+0000] {subprocess.py:97} INFO - Command exited with return code 1
[2024-06-19T14:27:40.397+0000] {taskinstance.py:441} INFO - ::group::Post task execution logs
[2024-06-19T14:27:40.403+0000] {taskinstance.py:2905} ERROR - Task failed with exception
Traceback (most recent call last):
  File "/home/airflow/.local/lib/python3.12/site-packages/airflow/models/taskinstance.py", line 465, in _execute_task
    result = _execute_callable(context=context, **execute_callable_kwargs)
             ^^^^^^^^^^^^^^^^^^^^^^^^^^^^^^^^^^^^^^^^^^^^^^^^^^^^^^^^^^^^^
  File "/home/airflow/.local/lib/python3.12/site-packages/airflow/models/taskinstance.py", line 432, in _execute_callable
    return execute_callable(context=context, **execute_callable_kwargs)
           ^^^^^^^^^^^^^^^^^^^^^^^^^^^^^^^^^^^^^^^^^^^^^^^^^^^^^^^^^^^^
  File "/home/airflow/.local/lib/python3.12/site-packages/airflow/models/baseoperator.py", line 401, in wrapper
    return func(self, *args, **kwargs)
           ^^^^^^^^^^^^^^^^^^^^^^^^^^^
  File "/home/airflow/.local/lib/python3.12/site-packages/airflow/operators/bash.py", line 243, in execute
    raise AirflowException(
airflow.exceptions.AirflowException: Bash command failed. The command returned a non-zero exit code 1.
[2024-06-19T14:27:40.405+0000] {taskinstance.py:1206} INFO - Marking task as UP_FOR_RETRY. dag_id=emailtest, task_id=task4, run_id=manual__2024-06-19T14:27:35.907836+00:00, execution_date=20240619T142735, start_date=20240619T142740, end_date=20240619T142740
[2024-06-19T14:27:40.415+0000] {standard_task_runner.py:110} ERROR - Failed to execute job 138 for task task4 (Bash command failed. The command returned a non-zero exit code 1.; 447)
[2024-06-19T14:27:40.439+0000] {local_task_job_runner.py:240} INFO - Task exited with return code 1
[2024-06-19T14:27:40.468+0000] {taskinstance.py:3503} INFO - 0 downstream tasks scheduled from follow-on schedule check
[2024-06-19T14:27:40.469+0000] {local_task_job_runner.py:222} INFO - ::endgroup::
