[2024-06-20T13:58:59.778+0000] {local_task_job_runner.py:120} INFO - ::group::Pre task execution logs
[2024-06-20T13:58:59.792+0000] {taskinstance.py:2076} INFO - Dependencies all met for dep_context=non-requeueable deps ti=<TaskInstance: emailtestAGORAVAI.task4 manual__2024-06-20T13:58:55.217269+00:00 [queued]>
[2024-06-20T13:58:59.796+0000] {taskinstance.py:2076} INFO - Dependencies all met for dep_context=requeueable deps ti=<TaskInstance: emailtestAGORAVAI.task4 manual__2024-06-20T13:58:55.217269+00:00 [queued]>
[2024-06-20T13:58:59.797+0000] {taskinstance.py:2306} INFO - Starting attempt 1 of 2
[2024-06-20T13:58:59.806+0000] {taskinstance.py:2330} INFO - Executing <Task(BashOperator): task4> on 2024-06-20 13:58:55.217269+00:00
[2024-06-20T13:58:59.809+0000] {warnings.py:112} WARNING - /home/***/.local/lib/python3.12/site-packages/***/task/task_runner/standard_task_runner.py:61: DeprecationWarning: This process (pid=167) is multi-threaded, use of fork() may lead to deadlocks in the child.
  pid = os.fork()

[2024-06-20T13:58:59.810+0000] {standard_task_runner.py:63} INFO - Started process 168 to run task
[2024-06-20T13:58:59.810+0000] {standard_task_runner.py:90} INFO - Running: ['***', 'tasks', 'run', 'emailtestAGORAVAI', 'task4', 'manual__2024-06-20T13:58:55.217269+00:00', '--job-id', '371', '--raw', '--subdir', 'DAGS_FOLDER/emailtest.py', '--cfg-path', '/tmp/tmpzx4tg_1y']
[2024-06-20T13:58:59.811+0000] {standard_task_runner.py:91} INFO - Job 371: Subtask task4
[2024-06-20T13:58:59.835+0000] {task_command.py:426} INFO - Running <TaskInstance: emailtestAGORAVAI.task4 manual__2024-06-20T13:58:55.217269+00:00 [running]> on host ab8e160a89c3
[2024-06-20T13:58:59.881+0000] {taskinstance.py:2648} INFO - Exporting env vars: AIRFLOW_CTX_DAG_EMAIL='liviataina.ltab@gmail.com' AIRFLOW_CTX_DAG_OWNER='***' AIRFLOW_CTX_DAG_ID='emailtestAGORAVAI' AIRFLOW_CTX_TASK_ID='task4' AIRFLOW_CTX_EXECUTION_DATE='2024-06-20T13:58:55.217269+00:00' AIRFLOW_CTX_TRY_NUMBER='1' AIRFLOW_CTX_DAG_RUN_ID='manual__2024-06-20T13:58:55.217269+00:00'
[2024-06-20T13:58:59.882+0000] {taskinstance.py:430} INFO - ::endgroup::
[2024-06-20T13:58:59.890+0000] {subprocess.py:63} INFO - Tmp dir root location: /tmp
[2024-06-20T13:58:59.890+0000] {subprocess.py:75} INFO - Running command: ['/usr/bin/bash', '-c', 'exit 1']
[2024-06-20T13:58:59.896+0000] {subprocess.py:86} INFO - Output:
[2024-06-20T13:58:59.897+0000] {subprocess.py:97} INFO - Command exited with return code 1
[2024-06-20T13:58:59.898+0000] {taskinstance.py:441} INFO - ::group::Post task execution logs
[2024-06-20T13:58:59.904+0000] {taskinstance.py:2905} ERROR - Task failed with exception
Traceback (most recent call last):
  File "/home/airflow/.local/lib/python3.12/site-packages/airflow/models/taskinstance.py", line 465, in _execute_task
    result = _execute_callable(context=context, **execute_callable_kwargs)
             ^^^^^^^^^^^^^^^^^^^^^^^^^^^^^^^^^^^^^^^^^^^^^^^^^^^^^^^^^^^^^
  File "/home/airflow/.local/lib/python3.12/site-packages/airflow/models/taskinstance.py", line 432, in _execute_callable
    return execute_callable(context=context, **execute_callable_kwargs)
           ^^^^^^^^^^^^^^^^^^^^^^^^^^^^^^^^^^^^^^^^^^^^^^^^^^^^^^^^^^^^
  File "/home/airflow/.local/lib/python3.12/site-packages/airflow/models/baseoperator.py", line 401, in wrapper
    return func(self, *args, **kwargs)
           ^^^^^^^^^^^^^^^^^^^^^^^^^^^
  File "/home/airflow/.local/lib/python3.12/site-packages/airflow/operators/bash.py", line 243, in execute
    raise AirflowException(
airflow.exceptions.AirflowException: Bash command failed. The command returned a non-zero exit code 1.
[2024-06-20T13:58:59.907+0000] {taskinstance.py:1206} INFO - Marking task as UP_FOR_RETRY. dag_id=emailtestAGORAVAI, task_id=task4, run_id=manual__2024-06-20T13:58:55.217269+00:00, execution_date=20240620T135855, start_date=20240620T135859, end_date=20240620T135859
[2024-06-20T13:58:59.915+0000] {standard_task_runner.py:110} ERROR - Failed to execute job 371 for task task4 (Bash command failed. The command returned a non-zero exit code 1.; 168)
[2024-06-20T13:58:59.943+0000] {local_task_job_runner.py:240} INFO - Task exited with return code 1
[2024-06-20T13:58:59.975+0000] {taskinstance.py:3503} INFO - 0 downstream tasks scheduled from follow-on schedule check
[2024-06-20T13:58:59.977+0000] {local_task_job_runner.py:222} INFO - ::endgroup::
